<?xml version="1.0" encoding="UTF-8"?>
<testsuite xmlns:xsi="http://www.w3.org/2001/XMLSchema-instance" xsi:noNamespaceSchemaLocation="https://maven.apache.org/surefire/maven-surefire-plugin/xsd/surefire-test-report.xsd" name="com.parkit.parkingsystem.service.FareCalculatorServiceTest" time="0.012" tests="13" errors="0" skipped="0" failures="0">
  <properties>
[...]
</properties>
  <testcase name="calculateFareCarWithLessThanOneHourParkingTime" classname="com.parkit.parkingsystem.service.FareCalculatorServiceTest" time="0"/>
  <testcase name="calculateFareBikeWithLessThan30MinParkingTime" classname="com.parkit.parkingsystem.service.FareCalculatorServiceTest" time="0.002"/>
  <testcase name="calculateFareCarWithLessThan30MinParkingTime" classname="com.parkit.parkingsystem.service.FareCalculatorServiceTest" time="0"/>
  <testcase name="calculateFareCarWith30MinParkingTime" classname="com.parkit.parkingsystem.service.FareCalculatorServiceTest" time="0"/>
  <testcase name="calculateFareBikeRecurentTwoHoursParkingTime" classname="com.parkit.parkingsystem.service.FareCalculatorServiceTest" time="0.001"/>
  <testcase name="calculateFareUnkownType" classname="com.parkit.parkingsystem.service.FareCalculatorServiceTest" time="0"/>
  <testcase name="calculateFareCar" classname="com.parkit.parkingsystem.service.FareCalculatorServiceTest" time="0"/>
  <testcase name="calculateFareBike" classname="com.parkit.parkingsystem.service.FareCalculatorServiceTest" time="0"/>
  <testcase name="calculateFareBikeWith30MinParkingTime" classname="com.parkit.parkingsystem.service.FareCalculatorServiceTest" time="0.001"/>
  <testcase name="calculateFareCarWithMoreThanADayParkingTime" classname="com.parkit.parkingsystem.service.FareCalculatorServiceTest" time="0.001"/>
  <testcase name="calculateFareBikeWithLessThanOneHourParkingTime" classname="com.parkit.parkingsystem.service.FareCalculatorServiceTest" time="0"/>
  <testcase name="calculateFareCarRecurentTwoHoursParkingTime" classname="com.parkit.parkingsystem.service.FareCalculatorServiceTest" time="0"/>
  <testcase name="calculateFareBikeWithFutureInTime" classname="com.parkit.parkingsystem.service.FareCalculatorServiceTest" time="0"/>
</testsuite>