<?xml version="1.0" encoding="UTF-8"?>
<testsuite xmlns:xsi="http://www.w3.org/2001/XMLSchema-instance" xsi:noNamespaceSchemaLocation="https://maven.apache.org/surefire/maven-surefire-plugin/xsd/surefire-test-report.xsd" name="it.com.parkit.parkingsystem.ParkingDataBaseBikeITTest" time="2.468" tests="2" errors="0" skipped="0" failures="0">
  <properties>
[...]
</properties>
  <testcase name="testParkingACarAndExit" classname="it.com.parkit.parkingsystem.ParkingDataBaseBikeITTest" time="2.244"/>
  <testcase name="testParkingABike" classname="it.com.parkit.parkingsystem.ParkingDataBaseBikeITTest" time="0.139"/>
</testsuite>